c:\users\lenovo\desktop\update\mfc_final_project_rest_update\debug\mfc_final_project_rest_update.pch
c:\users\lenovo\desktop\update\mfc_final_project_rest_update\debug\vc142.pdb
c:\users\lenovo\desktop\update\mfc_final_project_rest_update\debug\vc142.idb
c:\users\lenovo\desktop\update\mfc_final_project_rest_update\debug\pch.obj
c:\users\lenovo\desktop\update\mfc_final_project_rest_update\debug\supply.obj
c:\users\lenovo\desktop\update\mfc_final_project_rest_update\debug\restaurant.obj
c:\users\lenovo\desktop\update\mfc_final_project_rest_update\debug\orders.obj
c:\users\lenovo\desktop\update\mfc_final_project_rest_update\debug\neworder_dialog.obj
c:\users\lenovo\desktop\update\mfc_final_project_rest_update\debug\neworderbutcher.obj
c:\users\lenovo\desktop\update\mfc_final_project_rest_update\debug\mfc_final_project_rest_updatedlg.obj
c:\users\lenovo\desktop\update\mfc_final_project_rest_update\debug\mfc_final_project_rest_update.obj
c:\users\lenovo\desktop\update\mfc_final_project_rest_update\debug\marketdialog.obj
c:\users\lenovo\desktop\update\mfc_final_project_rest_update\debug\manager_dlg.obj
c:\users\lenovo\desktop\update\mfc_final_project_rest_update\debug\managerdlg.obj
c:\users\lenovo\desktop\update\mfc_final_project_rest_update\debug\finance.obj
c:\users\lenovo\desktop\update\mfc_final_project_rest_update\debug\dish.obj
c:\users\lenovo\desktop\update\mfc_final_project_rest_update\debug\customer.obj
c:\users\lenovo\desktop\update\mfc_final_project_rest_update\debug\butcher.obj
c:\users\lenovo\desktop\update\mfc_final_project_rest_update\debug\business.obj
c:\users\lenovo\desktop\update\mfc_final_project_rest_update\debug\burger.obj
c:\users\lenovo\desktop\update\mfc_final_project_rest_update\debug\salad.obj
c:\users\lenovo\desktop\update\mfc_final_project_rest_update\debug\aboutdlg.obj
c:\users\lenovo\desktop\update\debug\mfc_final_project_rest_update.exe
c:\users\lenovo\desktop\update\debug\mfc_final_project_rest_update.ilk
c:\users\lenovo\desktop\update\debug\mfc_final_project_rest_update.pdb
c:\users\lenovo\desktop\update\mfc_final_project_rest_update\debug\mfcfinalprojectrestupdate.res
c:\users\lenovo\desktop\update\mfc_final_project_rest_update\debug\mfc_fina.453b9804.tlog\cl.command.1.tlog
c:\users\lenovo\desktop\update\mfc_final_project_rest_update\debug\mfc_fina.453b9804.tlog\cl.read.1.tlog
c:\users\lenovo\desktop\update\mfc_final_project_rest_update\debug\mfc_fina.453b9804.tlog\cl.write.1.tlog
c:\users\lenovo\desktop\update\mfc_final_project_rest_update\debug\mfc_fina.453b9804.tlog\link.command.1.tlog
c:\users\lenovo\desktop\update\mfc_final_project_rest_update\debug\mfc_fina.453b9804.tlog\link.read.1.tlog
c:\users\lenovo\desktop\update\mfc_final_project_rest_update\debug\mfc_fina.453b9804.tlog\link.write.1.tlog
c:\users\lenovo\desktop\update\mfc_final_project_rest_update\debug\mfc_fina.453b9804.tlog\rc.command.1.tlog
c:\users\lenovo\desktop\update\mfc_final_project_rest_update\debug\mfc_fina.453b9804.tlog\rc.read.1.tlog
c:\users\lenovo\desktop\update\mfc_final_project_rest_update\debug\mfc_fina.453b9804.tlog\rc.write.1.tlog
